<?xml version="1.0" encoding="UTF-8"?>
<!-- Generated by org.testng.reporters.JUnitReportReporter -->
<testsuite hostname="Karthik" failures="0" tests="2" name="Testng.Testcase1" time="19.066" errors="0" timestamp="2021-01-31T19:34:07 IST" skipped="0">
  <testcase classname="Testng.Testcase1" name="tcase1" time="7.791"/>
  <system-out/>
  <testcase classname="Testng.Testcase1" name="tcase1" time="11.275"/>
  <system-out/>
</testsuite> <!-- Testng.Testcase1 -->
