<?xml version="1.0" encoding="UTF-8"?>
<!-- Generated by org.testng.reporters.JUnitReportReporter -->
<testsuite hostname="Karthik" failures="0" tests="2" name="Testng.Testcase2" time="14.917" errors="0" timestamp="2021-01-31T19:34:07 IST" skipped="0">
  <testcase classname="Testng.Testcase2" name="caseTest1" time="9.453"/>
  <system-out/>
  <testcase classname="Testng.Testcase2" name="caseTest1" time="5.464"/>
  <system-out/>
</testsuite> <!-- Testng.Testcase2 -->
