<?xml version="1.0" encoding="UTF-8"?>
<!-- Generated by org.testng.reporters.JUnitReportReporter -->
<testsuite hostname="Karthik" failures="0" tests="5" name="Test.Testcase1" time="1.519" errors="0" timestamp="2021-01-21T21:06:21 IST" skipped="1">
  <testcase classname="Test.Testcase1" name="testCase1" time="0.058"/>
  <system-out/>
  <testcase classname="Test.Testcase1" name="testCase3" time="0.156"/>
  <system-out/>
  <testcase classname="Test.Testcase1" name="testCase4" time="0.178"/>
  <system-out/>
  <testcase classname="Test.Testcase1" name="testCase5" time="1.127"/>
  <system-out/>
  <testcase classname="Test.Testcase1" name="testCase2">
    <skipped/>
  </testcase> <!-- testCase2 -->
  <system-out/>
</testsuite> <!-- Test.Testcase1 -->
