<?xml version="1.0" encoding="UTF-8"?>
<!-- Generated by org.testng.reporters.JUnitReportReporter -->
<testsuite hostname="Karthik" failures="0" tests="2" name="Testng.Testcase3" time="7.360" errors="0" timestamp="2021-01-31T19:34:07 IST" skipped="0">
  <testcase classname="Testng.Testcase3" name="caseTest2" time="4.780"/>
  <system-out/>
  <testcase classname="Testng.Testcase3" name="caseTest2" time="2.580"/>
  <system-out/>
</testsuite> <!-- Testng.Testcase3 -->
